{"at":"2026-02-21T10:47:24.858Z","type":"request_created","roomid":"pEdYk5EOYp","account":"apoapostolov","user":"apoapostolov","key":"rqXTMc3MURwO","text":"Hey can someone upload the latest SF2e Game Screen?","uploaded":1771425237808,"expires":1771598037808}
{"at":"2026-02-21T10:47:24.864Z","type":"upload_deleted","roomid":"BuUxRO4E_6","account":"apoapostolov","user":"apoapostolov","reason":"expired","key":"vpGV1KE6VIfsysAmfXL3","name":"Delta Green_Owlshead Mountain (2026) FIXED.pdf","size":49545415,"uploaded":1771409039073}
{"at":"2026-02-21T10:47:24.866Z","type":"upload_deleted","roomid":"BuUxRO4E_6","account":"apoapostolov","user":"apoapostolov","reason":"expired","key":"-_smhOTTGvxHNUR5TpE9","name":"Delta Green_Artifact Zero (2026) FIXED.pdf","size":36871353,"uploaded":1771409049127}
{"at":"2026-02-21T10:47:24.868Z","type":"upload_deleted","roomid":"BuUxRO4E_6","account":"apoapostolov","user":"apoapostolov","reason":"expired","key":"hNMOxo4iIRxoukS4c5xW","name":"Delta Green_The New Age (2026).pdf","size":28755567,"uploaded":1771409050720}
{"at":"2026-02-21T10:47:24.875Z","type":"upload_deleted","roomid":"hNrJiLjZu9","account":"apoapostolov","user":"apoapostolov","reason":"expired","key":"z1JIBrQEPROE6cFLfZWH","name":"Arkham Horror -The Darkness Over Arkham Gamebook.pdf","size":4325842,"uploaded":1771415317423}
{"at":"2026-02-21T10:47:24.886Z","type":"upload_deleted","roomid":"hNrJiLjZu9","account":"apoapostolov","user":"apoapostolov","reason":"expired","key":"84KzCHjr4QHiVqA9VSf5","name":"Delta Green_Owlshead Mountain (2026) FIXED.pdf","size":49545415,"uploaded":1771415392690}
{"at":"2026-02-21T10:47:24.891Z","type":"upload_deleted","roomid":"hNrJiLjZu9","account":"apoapostolov","user":"apoapostolov","reason":"expired","key":"oK15u8Mw4Rigr-yB2dul","name":"Delta Green_Artifact Zero (2026) FIXED.pdf","size":36871353,"uploaded":1771415392763}
{"at":"2026-02-21T10:47:24.893Z","type":"upload_deleted","roomid":"hNrJiLjZu9","account":"apoapostolov","user":"apoapostolov","reason":"expired","key":"AXO9eBCnRuQ1S0KdD6mk","name":"Arkham Horror -The Darkness Over Arkham Gamebook.pdf","size":4325842,"uploaded":1771415417657}
{"at":"2026-02-21T10:47:24.898Z","type":"upload_deleted","roomid":"hNrJiLjZu9","account":"apoapostolov","user":"apoapostolov","reason":"expired","key":"qzDvOvbnyskSqIMQGzGW","name":"FDG0200C World War Tesla Scenarios.pdf","size":396973,"uploaded":1771415435266}
{"at":"2026-02-21T10:47:24.901Z","type":"upload_deleted","roomid":"hNrJiLjZu9","account":"apoapostolov","user":"apoapostolov","reason":"expired","key":"DQd4nMdxRUQGN2k8uAkd","name":"FDG0200A World War Tesla Rules v1.1.pdf","size":5156176,"uploaded":1771415435402}
{"at":"2026-02-21T10:47:24.903Z","type":"upload_deleted","roomid":"hNrJiLjZu9","account":"apoapostolov","user":"apoapostolov","reason":"expired","key":"T7nT4QfwQR9Zg5aA8Vtd","name":"Edgar Allan Poe - The Horror Gamebook - (OEF, 2023-01-11).pdf","size":6376290,"uploaded":1771415435547}
{"at":"2026-02-21T10:47:24.907Z","type":"upload_deleted","roomid":"hNrJiLjZu9","account":"apoapostolov","user":"apoapostolov","reason":"expired","key":"fjsOJbREvQ4HO4uA0cFX","name":"Mythos Rising character sheet.pdf","size":106435,"uploaded":1771416751927}
{"at":"2026-02-21T10:47:24.908Z","type":"upload_deleted","roomid":"hNrJiLjZu9","account":"apoapostolov","user":"apoapostolov","reason":"expired","key":"-SMR5RhK-0YbCecgG12m","name":"Arkham Horror -The Darkness Over Arkham Gamebook.pdf","size":4325842,"uploaded":1771417054760}
{"at":"2026-02-21T10:47:24.910Z","type":"upload_deleted","roomid":"hNrJiLjZu9","account":"apoapostolov","user":"apoapostolov","reason":"expired","key":"tCjrGvqemFXptKhfOADh","name":"Delta Green_Owlshead Mountain (2026) FIXED.pdf","size":49545415,"uploaded":1771417408952}
{"at":"2026-02-21T10:47:24.917Z","type":"upload_deleted","roomid":"hNrJiLjZu9","account":"apoapostolov","user":"apoapostolov","reason":"expired","key":"hIdMEeCNLw2LYKpAEpEi","name":"Delta Green_Artifact Zero (2026) FIXED.pdf","size":36871353,"uploaded":1771417409029}
{"at":"2026-02-21T10:47:24.918Z","type":"upload_deleted","roomid":"hNrJiLjZu9","account":"apoapostolov","user":"apoapostolov","reason":"expired","key":"BJHPC25Py41RnzyRVLon","name":"Delta Green _PXPokerNight.pdf","size":2889274,"uploaded":1771417409236}
{"at":"2026-02-21T10:47:24.919Z","type":"upload_deleted","roomid":"hNrJiLjZu9","account":"apoapostolov","user":"apoapostolov","reason":"expired","key":"H_ENVVbnbmXH2jeJ-gXt","name":"Arkham Horror -The Darkness Over Arkham Gamebook.pdf","size":4325842,"uploaded":1771417481857}
{"at":"2026-02-21T10:47:24.925Z","type":"upload_deleted","roomid":"2GtUGzAjHk","account":"apoapostolov","user":"apoapostolov","reason":"expired","key":"-7SVvo6HIr4x3QgykYjh","name":"Call of Cthulhu 7e - Dead Man's Peak - Solo Scenario.pdf","size":2802204,"uploaded":1771419594105}
{"at":"2026-02-21T10:47:24.932Z","type":"upload_deleted","roomid":"2GtUGzAjHk","account":"apoapostolov","user":"apoapostolov","reason":"expired","key":"UWUd48oIyCGDhadpWaB6","name":"Arkham Horror -The Darkness Over Arkham Gamebook.pdf","size":4325842,"uploaded":1771420178404}
{"at":"2026-02-21T10:47:24.938Z","type":"upload_deleted","roomid":"2GtUGzAjHk","account":"apoapostolov","user":"apoapostolov","reason":"expired","key":"R4uObtybGWNeAoo0-7Wp","name":"PF2 Quest #26 [Series 2] - Dragon's Plea.pdf","size":2889669,"uploaded":1771420242311}
{"at":"2026-02-21T10:47:24.942Z","type":"upload_deleted","roomid":"2GtUGzAjHk","account":"apoapostolov","user":"apoapostolov","reason":"expired","key":"gSiVRlCEFUiSt3pwe5Er","name":"Pathfinder_RPG_2e_Everyman_Gaming_Files_For_Everybody_#24_Zoomer.pdf","size":4124019,"uploaded":1771420242460}
{"at":"2026-02-21T10:47:24.947Z","type":"upload_deleted","roomid":"2GtUGzAjHk","account":"apoapostolov","user":"apoapostolov","reason":"expired","key":"TGgx8bO4y1fha9PtIkz6","name":"Pathfinder_RPG_2e_Everyman_Gaming_Files_For_Everybody_#23_Improved.pdf","size":4736006,"uploaded":1771420242609}
{"at":"2026-02-21T10:47:24.952Z","type":"upload_deleted","roomid":"2GtUGzAjHk","account":"apoapostolov","user":"apoapostolov","reason":"expired","key":"a9EnRs7vU7Yrq_3DvHGQ","name":"PZO15220_PF2E_Revenge_of_the_Runelords_AP_#2_OF_3_Crypt_of_Ruins.pdf","size":7392314,"uploaded":1771420294727}
{"at":"2026-02-21T10:47:24.955Z","type":"upload_deleted","roomid":"2GtUGzAjHk","account":"apoapostolov","user":"apoapostolov","reason":"expired","key":"7d2zsk8chnsL5eGL8GJ3","name":"PZO15219_PF2E_Revenge_of_the_Runelords_AP_#1_of_3_Lord_of_the_Trinity.pdf","size":5185090,"uploaded":1771420294838}
{"at":"2026-02-21T10:47:24.957Z","type":"upload_deleted","roomid":"2GtUGzAjHk","account":"apoapostolov","user":"apoapostolov","reason":"expired","key":"nyo-HxHzQqW_d3HA8Ix4","name":"PZO15218_Pathfinder_2E_Myth_Speaker_AP_#3_of_3_Titanbane_Interactive.pdf","size":4518269,"uploaded":1771420294957}
{"at":"2026-02-21T10:47:24.963Z","type":"request_created","roomid":"pEdYk5EOYp","account":"apoapostolov","user":"apoapostolov","key":"rqXTMc3MURwO","text":"Hey can someone upload the latest SF2e Game Screen?","uploaded":1771425237808,"expires":1771598037808}
{"at":"2026-02-21T10:47:24.969Z","type":"upload_deleted","roomid":"2GtUGzAjHk","account":"apoapostolov","user":"apoapostolov","reason":"expired","key":"OAWl-ZAdTQMa80Wp9KK2","name":"Edgar Allan Poe - The Horror Gamebook - (OEF, 2023-01-11).pdf","size":6376290,"uploaded":1771422428766}
{"at":"2026-02-21T10:47:24.977Z","type":"request_created","roomid":"pEdYk5EOYp","account":"apoapostolov","user":"apoapostolov","key":"rqXTMc3MURwO","text":"Hey can someone upload the latest SF2e Game Screen?","uploaded":1771425237808,"expires":1771598037808}
{"at":"2026-02-21T10:47:24.981Z","type":"request_created","roomid":"pEdYk5EOYp","account":"apoapostolov","user":"apoapostolov","key":"rqXTMc3MURwO","text":"Hey can someone upload the latest SF2e Game Screen?","uploaded":1771425237808,"expires":1771598037808}
{"at":"2026-02-21T10:47:24.984Z","type":"upload_deleted","roomid":"2GtUGzAjHk","account":"apoapostolov","user":"apoapostolov","reason":"expired","key":"OAWl-ZAdTQMa80Wp9KK2","name":"Edgar Allan Poe - The Horror Gamebook - (OEF, 2023-01-11).pdf","size":6376290,"uploaded":1771422428766}
{"at":"2026-02-21T10:47:24.986Z","type":"upload_deleted","roomid":"2GtUGzAjHk","account":"apoapostolov","user":"apoapostolov","reason":"expired","key":"7tVQWiK_SIHKkRYb-gn1","name":"Delta Green_The New Age (2026).pdf","size":28755567,"uploaded":1771422428880}
{"at":"2026-02-21T10:47:24.993Z","type":"upload_deleted","roomid":"2GtUGzAjHk","account":"apoapostolov","user":"apoapostolov","reason":"expired","key":"7tVQWiK_SIHKkRYb-gn1","name":"Delta Green_The New Age (2026).pdf","size":28755567,"uploaded":1771422428880}
{"at":"2026-02-21T10:47:24.991Z","type":"request_created","roomid":"pEdYk5EOYp","account":"apoapostolov","user":"apoapostolov","key":"rqXTMc3MURwO","text":"Hey can someone upload the latest SF2e Game Screen?","uploaded":1771425237808,"expires":1771598037808}
{"at":"2026-02-21T10:47:24.994Z","type":"upload_deleted","roomid":"2GtUGzAjHk","account":"apoapostolov","user":"apoapostolov","reason":"expired","key":"7tVQWiK_SIHKkRYb-gn1","name":"Delta Green_The New Age (2026).pdf","size":28755567,"uploaded":1771422428880}
{"at":"2026-02-21T10:47:24.997Z","type":"upload_deleted","roomid":"2GtUGzAjHk","account":"apoapostolov","user":"apoapostolov","reason":"expired","key":"ACri8ftI7YYvOAjpycir","name":"Delta Green _PXPokerNight.pdf","size":2889274,"uploaded":1771422428905}
{"at":"2026-02-21T10:47:24.998Z","type":"upload_deleted","roomid":"2GtUGzAjHk","account":"apoapostolov","user":"apoapostolov","reason":"expired","key":"ACri8ftI7YYvOAjpycir","name":"Delta Green _PXPokerNight.pdf","size":2889274,"uploaded":1771422428905}
{"at":"2026-02-21T10:47:25.000Z","type":"upload_deleted","roomid":"2GtUGzAjHk","account":"apoapostolov","user":"apoapostolov","reason":"expired","key":"ACri8ftI7YYvOAjpycir","name":"Delta Green _PXPokerNight.pdf","size":2889274,"uploaded":1771422428905}
{"at":"2026-02-21T10:47:24.996Z","type":"upload_deleted","roomid":"2GtUGzAjHk","account":"apoapostolov","user":"apoapostolov","reason":"expired","key":"7tVQWiK_SIHKkRYb-gn1","name":"Delta Green_The New Age (2026).pdf","size":28755567,"uploaded":1771422428880}
{"at":"2026-02-21T10:47:25.003Z","type":"upload_deleted","roomid":"2GtUGzAjHk","account":"apoapostolov","user":"apoapostolov","reason":"expired","key":"ACri8ftI7YYvOAjpycir","name":"Delta Green _PXPokerNight.pdf","size":2889274,"uploaded":1771422428905}
{"at":"2026-02-21T10:47:25.008Z","type":"upload_deleted","roomid":"pEdYk5EOYp","account":"apoapostolov","user":"apoapostolov","reason":"expired","key":"42kfznNUKBmj1VtouDxn","name":"PZO20001 Starfinder 2e - GM Core Screen.pdf","size":6105618,"uploaded":1771425251143}
{"at":"2026-02-21T10:47:25.007Z","type":"upload_deleted","roomid":"pEdYk5EOYp","account":"apoapostolov","user":"apoapostolov","reason":"expired","key":"42kfznNUKBmj1VtouDxn","name":"PZO20001 Starfinder 2e - GM Core Screen.pdf","size":6105618,"uploaded":1771425251143}
{"at":"2026-02-21T10:47:25.013Z","type":"upload_deleted","roomid":"pEdYk5EOYp","account":"apoapostolov","user":"apoapostolov","reason":"expired","key":"42kfznNUKBmj1VtouDxn","name":"PZO20001 Starfinder 2e - GM Core Screen.pdf","size":6105618,"uploaded":1771425251143}
{"at":"2026-02-21T10:47:25.015Z","type":"upload_deleted","roomid":"2GtUGzAjHk","account":"apoapostolov","user":"apoapostolov","reason":"expired","key":"ACri8ftI7YYvOAjpycir","name":"Delta Green _PXPokerNight.pdf","size":2889274,"uploaded":1771422428905}
{"at":"2026-02-21T10:47:25.015Z","type":"upload_deleted","roomid":"pEdYk5EOYp","account":"apoapostolov","user":"apoapostolov","reason":"expired","key":"42kfznNUKBmj1VtouDxn","name":"PZO20001 Starfinder 2e - GM Core Screen.pdf","size":6105618,"uploaded":1771425251143}
{"at":"2026-02-21T10:47:25.008Z","type":"upload_deleted","roomid":"pEdYk5EOYp","account":"apoapostolov","user":"apoapostolov","reason":"expired","key":"42kfznNUKBmj1VtouDxn","name":"PZO20001 Starfinder 2e - GM Core Screen.pdf","size":6105618,"uploaded":1771425251143}
{"at":"2026-02-21T11:49:03.095Z","type":"upload_created","roomid":"73HW2DR3XX","account":"","user":"Eidothea","key":"wMmyH9_k7QBUlFmYimd-","name":"OSE Advanced - Fantasy Player's Tome.pdf","size":36780396,"uploaded":1771674543094,"expires":1771847343094}
{"at":"2026-02-21T11:49:21.887Z","type":"upload_deleted","roomid":"73HW2DR3XX","account":"","user":"Eidothea","reason":"deleted","key":"wMmyH9_k7QBUlFmYimd-","name":"OSE Advanced - Fantasy Player's Tome.pdf","size":36780396,"uploaded":1771674543094}
{"at":"2026-02-21T11:49:21.887Z","type":"upload_deleted","roomid":"73HW2DR3XX","account":"","user":"Eidothea","reason":"deleted","key":"wMmyH9_k7QBUlFmYimd-","name":"OSE Advanced - Fantasy Player's Tome.pdf","size":36780396,"uploaded":1771674543094}
{"at":"2026-02-21T11:49:21.887Z","type":"upload_deleted","roomid":"73HW2DR3XX","account":"","user":"Eidothea","reason":"deleted","key":"wMmyH9_k7QBUlFmYimd-","name":"OSE Advanced - Fantasy Player's Tome.pdf","size":36780396,"uploaded":1771674543094}
{"at":"2026-02-21T11:49:21.887Z","type":"upload_deleted","roomid":"73HW2DR3XX","account":"","user":"Eidothea","reason":"deleted","key":"wMmyH9_k7QBUlFmYimd-","name":"OSE Advanced - Fantasy Player's Tome.pdf","size":36780396,"uploaded":1771674543094}
{"at":"2026-02-21T11:49:21.887Z","type":"upload_deleted","roomid":"73HW2DR3XX","account":"","user":"Eidothea","reason":"deleted","key":"wMmyH9_k7QBUlFmYimd-","name":"OSE Advanced - Fantasy Player's Tome.pdf","size":36780396,"uploaded":1771674543094}
{"at":"2026-02-21T11:49:21.887Z","type":"upload_deleted","roomid":"73HW2DR3XX","account":"","user":"Eidothea","reason":"deleted","key":"wMmyH9_k7QBUlFmYimd-","name":"OSE Advanced - Fantasy Player's Tome.pdf","size":36780396,"uploaded":1771674543094}
{"at":"2026-02-21T11:49:21.888Z","type":"upload_deleted","roomid":"73HW2DR3XX","account":"","user":"Eidothea","reason":"deleted","key":"wMmyH9_k7QBUlFmYimd-","name":"OSE Advanced - Fantasy Player's Tome.pdf","size":36780396,"uploaded":1771674543094}
{"at":"2026-02-21T11:49:21.888Z","type":"upload_deleted","roomid":"73HW2DR3XX","account":"","user":"Eidothea","reason":"deleted","key":"wMmyH9_k7QBUlFmYimd-","name":"OSE Advanced - Fantasy Player's Tome.pdf","size":36780396,"uploaded":1771674543094}
{"at":"2026-02-21T11:49:21.887Z","type":"upload_deleted","roomid":"73HW2DR3XX","account":"","user":"Eidothea","reason":"deleted","key":"wMmyH9_k7QBUlFmYimd-","name":"OSE Advanced - Fantasy Player's Tome.pdf","size":36780396,"uploaded":1771674543094}
{"at":"2026-02-21T11:49:21.888Z","type":"upload_deleted","roomid":"73HW2DR3XX","account":"","user":"Eidothea","reason":"deleted","key":"wMmyH9_k7QBUlFmYimd-","name":"OSE Advanced - Fantasy Player's Tome.pdf","size":36780396,"uploaded":1771674543094}
{"at":"2026-02-21T11:49:21.888Z","type":"upload_deleted","roomid":"73HW2DR3XX","account":"","user":"Eidothea","reason":"deleted","key":"wMmyH9_k7QBUlFmYimd-","name":"OSE Advanced - Fantasy Player's Tome.pdf","size":36780396,"uploaded":1771674543094}
{"at":"2026-02-21T11:49:21.888Z","type":"upload_deleted","roomid":"73HW2DR3XX","account":"","user":"Eidothea","reason":"deleted","key":"wMmyH9_k7QBUlFmYimd-","name":"OSE Advanced - Fantasy Player's Tome.pdf","size":36780396,"uploaded":1771674543094}
{"at":"2026-02-21T11:49:21.887Z","type":"upload_deleted","roomid":"73HW2DR3XX","account":"","user":"Eidothea","reason":"deleted","key":"wMmyH9_k7QBUlFmYimd-","name":"OSE Advanced - Fantasy Player's Tome.pdf","size":36780396,"uploaded":1771674543094}
{"at":"2026-02-21T11:49:21.888Z","type":"upload_deleted","roomid":"73HW2DR3XX","account":"","user":"Eidothea","reason":"deleted","key":"wMmyH9_k7QBUlFmYimd-","name":"OSE Advanced - Fantasy Player's Tome.pdf","size":36780396,"uploaded":1771674543094}
{"at":"2026-02-21T11:49:21.888Z","type":"upload_deleted","roomid":"73HW2DR3XX","account":"","user":"Eidothea","reason":"deleted","key":"wMmyH9_k7QBUlFmYimd-","name":"OSE Advanced - Fantasy Player's Tome.pdf","size":36780396,"uploaded":1771674543094}
{"at":"2026-02-21T11:49:21.888Z","type":"upload_deleted","roomid":"73HW2DR3XX","account":"","user":"Eidothea","reason":"deleted","key":"wMmyH9_k7QBUlFmYimd-","name":"OSE Advanced - Fantasy Player's Tome.pdf","size":36780396,"uploaded":1771674543094}
{"at":"2026-02-21T11:49:21.889Z","type":"upload_deleted","roomid":"73HW2DR3XX","account":"","user":"Eidothea","reason":"deleted","key":"wMmyH9_k7QBUlFmYimd-","name":"OSE Advanced - Fantasy Player's Tome.pdf","size":36780396,"uploaded":1771674543094}
{"at":"2026-02-21T11:49:21.886Z","type":"upload_deleted","roomid":"73HW2DR3XX","account":"","user":"Eidothea","reason":"deleted","key":"wMmyH9_k7QBUlFmYimd-","name":"OSE Advanced - Fantasy Player's Tome.pdf","size":36780396,"uploaded":1771674543094}
{"at":"2026-02-21T11:49:21.887Z","type":"upload_deleted","roomid":"73HW2DR3XX","account":"","user":"Eidothea","reason":"deleted","key":"wMmyH9_k7QBUlFmYimd-","name":"OSE Advanced - Fantasy Player's Tome.pdf","size":36780396,"uploaded":1771674543094}
{"at":"2026-02-21T11:49:21.888Z","type":"upload_deleted","roomid":"73HW2DR3XX","account":"","user":"Eidothea","reason":"deleted","key":"wMmyH9_k7QBUlFmYimd-","name":"OSE Advanced - Fantasy Player's Tome.pdf","size":36780396,"uploaded":1771674543094}
{"at":"2026-02-21T11:49:21.890Z","type":"upload_deleted","roomid":"73HW2DR3XX","account":"","user":"Eidothea","reason":"deleted","key":"wMmyH9_k7QBUlFmYimd-","name":"OSE Advanced - Fantasy Player's Tome.pdf","size":36780396,"uploaded":1771674543094}
{"at":"2026-02-21T11:49:21.889Z","type":"upload_deleted","roomid":"73HW2DR3XX","account":"","user":"Eidothea","reason":"deleted","key":"wMmyH9_k7QBUlFmYimd-","name":"OSE Advanced - Fantasy Player's Tome.pdf","size":36780396,"uploaded":1771674543094}
{"at":"2026-02-21T12:19:22.256Z","type":"upload_created","roomid":"73HW2DR3XX","account":"","user":"Eidothea","key":"I0aQqlomV8wsWKVvqXA0","name":"OSE Advanced - Fantasy Player's Tome.pdf","size":36780396,"uploaded":1771676362254,"expires":1771849162254}
{"at":"2026-02-21T12:57:37.254Z","type":"download_served","key":"I0aQqlomV8wsWKVvqXA0","roomid":"73HW2DR3XX","name":"OSE Advanced - Fantasy Player's Tome.pdf","bytes":36780396,"statusCode":200,"account":"","ip":"127.0.0.1"}
{"at":"2026-02-21T13:47:41.334Z","type":"download_served","key":"I0aQqlomV8wsWKVvqXA0","roomid":"73HW2DR3XX","name":"OSE Advanced - Fantasy Player's Tome.pdf","bytes":36780396,"statusCode":200,"account":"","ip":"127.0.0.1"}
{"at":"2026-02-21T13:48:16.044Z","type":"download_served","key":"I0aQqlomV8wsWKVvqXA0","roomid":"73HW2DR3XX","name":"OSE Advanced - Fantasy Player's Tome.pdf","bytes":36780396,"statusCode":200,"account":"","ip":"127.0.0.1"}
{"at":"2026-02-21T14:13:04.260Z","type":"upload_created","roomid":"73HW2DR3XX","account":"","user":"Eidothea","key":"JKTDJdyGqViN516lZzh7","name":"OSE Advanced - Fantasy Player's Tome.pdf","size":36780396,"uploaded":1771683184258,"expires":1771855984258}
{"at":"2026-02-21T14:19:23.825Z","type":"download_served","key":"JKTDJdyGqViN516lZzh7","roomid":"73HW2DR3XX","name":"OSE Advanced - Fantasy Player's Tome.pdf","bytes":36780396,"statusCode":200,"account":"","ip":"127.0.0.1"}
{"at":"2026-02-21T14:20:07.758Z","type":"upload_created","roomid":"73HW2DR3XX","account":"","user":"Eidothea","key":"dISVFMe91sr4-4ssKxib","name":"The Blade Itself_ Book One - Joe Abercrombie.epub","size":543676,"uploaded":1771683607757,"expires":1771856407757}
{"at":"2026-02-21T14:20:10.514Z","type":"download_served","key":"dISVFMe91sr4-4ssKxib","roomid":"73HW2DR3XX","name":"The Blade Itself_ Book One - Joe Abercrombie.epub","bytes":543676,"statusCode":200,"account":"","ip":"127.0.0.1"}
{"at":"2026-02-21T14:22:49.856Z","type":"download_served","key":"JKTDJdyGqViN516lZzh7","roomid":"73HW2DR3XX","name":"OSE Advanced - Fantasy Player's Tome.pdf","bytes":36780396,"statusCode":200,"account":"","ip":"127.0.0.1"}
{"at":"2026-02-21T14:31:48.623Z","type":"upload_created","roomid":"73HW2DR3XX","account":"","user":"Eidothea","key":"2xWwjPb1Vn5xQw1w7p1m","name":"The Blade Itself_ Book One - Joe Abercrombie.epub","size":543676,"uploaded":1771684308622,"expires":1771857108622}
{"at":"2026-02-21T14:31:54.352Z","type":"upload_created","roomid":"73HW2DR3XX","account":"","user":"Eidothea","key":"XzmLRze5HM373OFtZnEa","name":"New Title 1 - Ranalli, Gina_x_ray_word_wise.epub","size":136619,"uploaded":1771684314351,"expires":1771857114351}
{"at":"2026-02-21T14:31:58.130Z","type":"download_served","key":"XzmLRze5HM373OFtZnEa","roomid":"73HW2DR3XX","name":"New Title 1 - Ranalli, Gina_x_ray_word_wise.epub","bytes":136619,"statusCode":200,"account":"","ip":"127.0.0.1"}
{"at":"2026-02-21T14:32:16.435Z","type":"upload_created","roomid":"73HW2DR3XX","account":"","user":"Eidothea","key":"uFLZAJj67DRbrdjbJlEA","name":"New Title 1 - Ranalli, Gina.epub","size":136619,"uploaded":1771684336434,"expires":1771857136434}
{"at":"2026-02-21T14:35:45.447Z","type":"upload_created","roomid":"73HW2DR3XX","account":"","user":"Eidothea","key":"W-fd5e5WtOXBe66v6gK5","name":"New Title 1 - Ranalli, Gina.epub","size":136619,"uploaded":1771684545446,"expires":1771857345446}
{"at":"2026-02-21T14:36:03.341Z","type":"download_served","key":"uFLZAJj67DRbrdjbJlEA","roomid":"73HW2DR3XX","name":"New Title 1 - Ranalli, Gina.epub","bytes":136619,"statusCode":200,"account":"","ip":"127.0.0.1"}
{"at":"2026-02-21T14:37:15.854Z","type":"upload_created","roomid":"73HW2DR3XX","account":"","user":"Eidothea","key":"1SdqGsI5YNAOdTLoWZ6J","name":"Ninefox Gambit - Yoon Ha Lee.mobi","size":715558,"uploaded":1771684635853,"expires":1771857435853}
{"at":"2026-02-21T14:37:21.999Z","type":"download_served","key":"1SdqGsI5YNAOdTLoWZ6J","roomid":"73HW2DR3XX","name":"Ninefox Gambit - Yoon Ha Lee.mobi","bytes":715558,"statusCode":200,"account":"","ip":"127.0.0.1"}
{"at":"2026-02-21T14:41:13.705Z","type":"download_served","key":"2xWwjPb1Vn5xQw1w7p1m","roomid":"73HW2DR3XX","name":"The Blade Itself_ Book One - Joe Abercrombie.epub","bytes":543676,"statusCode":200,"account":"","ip":"127.0.0.1"}
{"at":"2026-02-21T14:41:15.035Z","type":"download_served","key":"1SdqGsI5YNAOdTLoWZ6J","roomid":"73HW2DR3XX","name":"Ninefox Gambit - Yoon Ha Lee.mobi","bytes":715558,"statusCode":200,"account":"","ip":"127.0.0.1"}
{"at":"2026-02-21T14:42:49.387Z","type":"download_served","key":"2xWwjPb1Vn5xQw1w7p1m","roomid":"73HW2DR3XX","name":"The Blade Itself_ Book One - Joe Abercrombie.epub","bytes":543676,"statusCode":200,"account":"","ip":"127.0.0.1"}
{"at":"2026-02-21T14:43:24.308Z","type":"upload_created","roomid":"73HW2DR3XX","account":"","user":"Eidothea","key":"oS4oq6L9LNDpax5dj-KB","name":"The Blade Itself_ Book One - Joe Abercrombie.epub","size":543676,"uploaded":1771685004307,"expires":1771857804307}
{"at":"2026-02-21T14:43:32.213Z","type":"download_served","key":"oS4oq6L9LNDpax5dj-KB","roomid":"73HW2DR3XX","name":"The Blade Itself_ Book One - Joe Abercrombie.epub","bytes":543676,"statusCode":200,"account":"","ip":"127.0.0.1"}
{"at":"2026-02-21T14:44:16.649Z","type":"upload_created","roomid":"73HW2DR3XX","account":"","user":"Eidothea","key":"X3DMCLItIca_MLRhF-xg","name":"The Rise and Fall of D.O.D.O._ - Neal Stephenson.mobi","size":1736776,"uploaded":1771685056648,"expires":1771857856648}
{"at":"2026-02-21T14:44:20.689Z","type":"download_served","key":"X3DMCLItIca_MLRhF-xg","roomid":"73HW2DR3XX","name":"The Rise and Fall of D.O.D.O._ - Neal Stephenson.mobi","bytes":1736776,"statusCode":200,"account":"","ip":"127.0.0.1"}
{"at":"2026-02-21T15:09:10.969Z","type":"upload_created","roomid":"xQ65YPwtrj","account":"","user":"Philomelus","key":"rePYyfCQUu91TtvOzR1-","name":"The Rise and Fall of D.O.D.O._ - Neal Stephenson.mobi","size":1736776,"uploaded":1771686550968,"expires":1771859350968}
{"at":"2026-02-21T15:09:17.756Z","type":"upload_created","roomid":"xQ65YPwtrj","account":"","user":"Philomelus","key":"hCz_QO6WJYQJi6KhFGa_","name":"The Blade Itself_ Book One - Joe Abercrombie.epub","size":543676,"uploaded":1771686557755,"expires":1771859357755}
{"at":"2026-02-21T15:13:09.227Z","type":"download_served","key":"hCz_QO6WJYQJi6KhFGa_","roomid":"xQ65YPwtrj","name":"The Blade Itself_ Book One - Joe Abercrombie.epub","bytes":543676,"statusCode":200,"account":"","ip":"127.0.0.1"}
{"at":"2026-02-21T15:15:41.772Z","type":"upload_created","roomid":"xQ65YPwtrj","account":"","user":"Philomelus","key":"LVNXSuh6wGYXz14F5bdt","name":"OSE Advanced - Fantasy Player's Tome.pdf","size":36780396,"uploaded":1771686941771,"expires":1771859741771}
{"at":"2026-02-21T15:15:45.639Z","type":"download_served","key":"LVNXSuh6wGYXz14F5bdt","roomid":"xQ65YPwtrj","name":"OSE Advanced - Fantasy Player's Tome.pdf","bytes":36780396,"statusCode":200,"account":"","ip":"127.0.0.1"}
{"at":"2026-02-21T15:17:56.130Z","type":"upload_created","roomid":"xQ65YPwtrj","account":"","user":"Philomelus","key":"tP8Rs4TfVU4uZ34J2P_i","name":"Delta Green_Owlshead Mountain (2026) FIXED.pdf","size":49545415,"uploaded":1771687076130,"expires":1771859876130}
{"at":"2026-02-21T15:18:00.317Z","type":"download_served","key":"tP8Rs4TfVU4uZ34J2P_i","roomid":"xQ65YPwtrj","name":"Delta Green_Owlshead Mountain (2026) FIXED.pdf","bytes":49545415,"statusCode":200,"account":"","ip":"127.0.0.1"}
{"at":"2026-02-21T15:34:41.383Z","type":"upload_created","roomid":"xQ65YPwtrj","account":"apoapostolov","user":"apoapostolov","key":"VI5vLlmCQ_PZ495DT5W3","name":"The Blade Itself_ Book One - Joe Abercrombie.epub","size":543676,"uploaded":1771688081382,"expires":1771860881382}
{"at":"2026-02-21T15:34:47.459Z","type":"upload_created","roomid":"xQ65YPwtrj","account":"apoapostolov","user":"apoapostolov","key":"e-_Pz2LxCh7LpQVs3YGv","name":"The Rise and Fall of D.O.D.O._ - Neal Stephenson.mobi","size":1736776,"uploaded":1771688087458,"expires":1771860887458}
{"at":"2026-02-21T15:34:53.375Z","type":"upload_created","roomid":"xQ65YPwtrj","account":"apoapostolov","user":"apoapostolov","key":"LcbSHjDpKfolIzQMyRV5","name":"Delta Green_Artifact Zero (2026) FIXED.pdf","size":36871353,"uploaded":1771688093375,"expires":1771860893375}
{"at":"2026-02-21T15:34:58.665Z","type":"download_served","key":"e-_Pz2LxCh7LpQVs3YGv","roomid":"xQ65YPwtrj","name":"The Rise and Fall of D.O.D.O._ - Neal Stephenson.mobi","bytes":1736776,"statusCode":200,"account":"apoapostolov","ip":"127.0.0.1"}
{"at":"2026-02-21T15:35:33.671Z","type":"download_served","key":"VI5vLlmCQ_PZ495DT5W3","roomid":"xQ65YPwtrj","name":"The Blade Itself_ Book One - Joe Abercrombie.epub","bytes":543676,"statusCode":200,"account":"apoapostolov","ip":"127.0.0.1"}
